<?xml version="1.0" encoding="UTF-8"?>
<testsuite xmlns:xsi="http://www.w3.org/2001/XMLSchema-instance" xsi:noNamespaceSchemaLocation="https://maven.apache.org/surefire/maven-surefire-plugin/xsd/surefire-test-report.xsd" version="3.0.2" name="fu.swt301.sms.servlet.LoginServletTest" time="1.565" tests="3" errors="0" skipped="0" failures="0">
  <properties>
[...]
</properties>
  <testcase name="testDoGet" classname="fu.swt301.sms.servlet.LoginServletTest" time="1.524"/>
  <testcase name="testDoPost_EmptyEmail" classname="fu.swt301.sms.servlet.LoginServletTest" time="0.004"/>
  <testcase name="testDoPost_EmptyPassword" classname="fu.swt301.sms.servlet.LoginServletTest" time="0.004"/>
</testsuite>